F:\CUSTOM CODES\TEMPERATURE_SENSORS_IN_NETSIM\SIMULATION\DLL\LIBZIGBEE.DLL
F:\CUSTOM CODES\Temperature_Sensors_in_NetSim\Simulation\Dll\ZigBee.exp
F:\CUSTOM CODES\Temperature_Sensors_in_NetSim\Simulation\Dll\ZigBee.lib
F:\CUSTOM CODES\TEMPERATURE_SENSORS_IN_NETSIM\SIMULATION\DLL\ZIGBEE.PDB
F:\CUSTOM CODES\TEMPERATURE_SENSORS_IN_NETSIM\SIMULATION\ZIGBEE\DEBUG\802_15_4.OBJ
F:\CUSTOM CODES\TEMPERATURE_SENSORS_IN_NETSIM\SIMULATION\ZIGBEE\DEBUG\AGENTMODEL.OBJ
F:\CUSTOM CODES\TEMPERATURE_SENSORS_IN_NETSIM\SIMULATION\ZIGBEE\DEBUG\BACKOFFCALCULATION.OBJ
F:\CUSTOM CODES\TEMPERATURE_SENSORS_IN_NETSIM\SIMULATION\ZIGBEE\DEBUG\BERCALCULATION.OBJ
F:\CUSTOM CODES\TEMPERATURE_SENSORS_IN_NETSIM\SIMULATION\ZIGBEE\DEBUG\CCA.OBJ
F:\CUSTOM CODES\TEMPERATURE_SENSORS_IN_NETSIM\SIMULATION\ZIGBEE\DEBUG\CHANGERADIOSTATE.OBJ
F:\CUSTOM CODES\TEMPERATURE_SENSORS_IN_NETSIM\SIMULATION\ZIGBEE\DEBUG\ERRORPATHLOSS.OBJ
F:\CUSTOM CODES\TEMPERATURE_SENSORS_IN_NETSIM\SIMULATION\ZIGBEE\DEBUG\LOCATEBACKOFFBOUNDARY.OBJ
F:\CUSTOM CODES\TEMPERATURE_SENSORS_IN_NETSIM\SIMULATION\ZIGBEE\DEBUG\MATLAB_INTERFACE.OBJ
F:\CUSTOM CODES\TEMPERATURE_SENSORS_IN_NETSIM\SIMULATION\ZIGBEE\DEBUG\RECEIVEDPOWER.OBJ
F:\CUSTOM CODES\TEMPERATURE_SENSORS_IN_NETSIM\SIMULATION\ZIGBEE\DEBUG\SENSOR.OBJ
F:\CUSTOM CODES\TEMPERATURE_SENSORS_IN_NETSIM\SIMULATION\ZIGBEE\DEBUG\SHADOWLOSS.OBJ
F:\CUSTOM CODES\TEMPERATURE_SENSORS_IN_NETSIM\SIMULATION\ZIGBEE\DEBUG\SINRCALCULATION.OBJ
F:\CUSTOM CODES\TEMPERATURE_SENSORS_IN_NETSIM\SIMULATION\ZIGBEE\DEBUG\SLOTTEDCSMACA.OBJ
F:\CUSTOM CODES\TEMPERATURE_SENSORS_IN_NETSIM\SIMULATION\ZIGBEE\DEBUG\SUPERFRAME.OBJ
F:\CUSTOM CODES\TEMPERATURE_SENSORS_IN_NETSIM\SIMULATION\ZIGBEE\DEBUG\TEMPERATURE_SENSOR.OBJ
F:\CUSTOM CODES\TEMPERATURE_SENSORS_IN_NETSIM\SIMULATION\ZIGBEE\DEBUG\UNSLOTTEDCSMACA.OBJ
F:\CUSTOM CODES\TEMPERATURE_SENSORS_IN_NETSIM\SIMULATION\ZIGBEE\DEBUG\VC100.PDB
F:\CUSTOM CODES\TEMPERATURE_SENSORS_IN_NETSIM\SIMULATION\ZIGBEE\DEBUG\ZIGBEE.DLL.INTERMEDIATE.MANIFEST
F:\CUSTOM CODES\Temperature_Sensors_in_NetSim\Simulation_Temperature_Sensors\ZigBee\Debug\802_15_4.obj
F:\CUSTOM CODES\Temperature_Sensors_in_NetSim\Simulation_Temperature_Sensors\ZigBee\Debug\AgentModel.obj
F:\CUSTOM CODES\Temperature_Sensors_in_NetSim\Simulation_Temperature_Sensors\ZigBee\Debug\BackoffCalculation.obj
F:\CUSTOM CODES\Temperature_Sensors_in_NetSim\Simulation_Temperature_Sensors\ZigBee\Debug\BERCalculation.obj
F:\CUSTOM CODES\Temperature_Sensors_in_NetSim\Simulation_Temperature_Sensors\ZigBee\Debug\CCA.obj
F:\CUSTOM CODES\Temperature_Sensors_in_NetSim\Simulation_Temperature_Sensors\ZigBee\Debug\ChangeRadioState.obj
F:\CUSTOM CODES\Temperature_Sensors_in_NetSim\Simulation_Temperature_Sensors\ZigBee\Debug\cl.command.1.tlog
F:\CUSTOM CODES\Temperature_Sensors_in_NetSim\Simulation_Temperature_Sensors\ZigBee\Debug\CL.read.1.tlog
F:\CUSTOM CODES\Temperature_Sensors_in_NetSim\Simulation_Temperature_Sensors\ZigBee\Debug\CL.write.1.tlog
F:\CUSTOM CODES\Temperature_Sensors_in_NetSim\Simulation_Temperature_Sensors\ZigBee\Debug\ErrorPathLoss.obj
F:\CUSTOM CODES\Temperature_Sensors_in_NetSim\Simulation_Temperature_Sensors\ZigBee\Debug\link.4116.read.1.tlog
F:\CUSTOM CODES\Temperature_Sensors_in_NetSim\Simulation_Temperature_Sensors\ZigBee\Debug\link.4116.write.1.tlog
F:\CUSTOM CODES\Temperature_Sensors_in_NetSim\Simulation_Temperature_Sensors\ZigBee\Debug\link.command.1.tlog
F:\CUSTOM CODES\Temperature_Sensors_in_NetSim\Simulation_Temperature_Sensors\ZigBee\Debug\link.read.1.tlog
F:\CUSTOM CODES\Temperature_Sensors_in_NetSim\Simulation_Temperature_Sensors\ZigBee\Debug\link.write.1.tlog
F:\CUSTOM CODES\Temperature_Sensors_in_NetSim\Simulation_Temperature_Sensors\ZigBee\Debug\LocateBackoffBoundary.obj
F:\CUSTOM CODES\Temperature_Sensors_in_NetSim\Simulation_Temperature_Sensors\ZigBee\Debug\MATLAB_Interface.obj
F:\CUSTOM CODES\Temperature_Sensors_in_NetSim\Simulation_Temperature_Sensors\ZigBee\Debug\mt.command.1.tlog
F:\CUSTOM CODES\Temperature_Sensors_in_NetSim\Simulation_Temperature_Sensors\ZigBee\Debug\mt.read.1.tlog
F:\CUSTOM CODES\Temperature_Sensors_in_NetSim\Simulation_Temperature_Sensors\ZigBee\Debug\mt.write.1.tlog
F:\CUSTOM CODES\Temperature_Sensors_in_NetSim\Simulation_Temperature_Sensors\ZigBee\Debug\ReceivedPower.obj
F:\CUSTOM CODES\Temperature_Sensors_in_NetSim\Simulation_Temperature_Sensors\ZigBee\Debug\Sensor.obj
F:\CUSTOM CODES\Temperature_Sensors_in_NetSim\Simulation_Temperature_Sensors\ZigBee\Debug\ShadowLoss.obj
F:\CUSTOM CODES\Temperature_Sensors_in_NetSim\Simulation_Temperature_Sensors\ZigBee\Debug\SINRCalculation.obj
F:\CUSTOM CODES\Temperature_Sensors_in_NetSim\Simulation_Temperature_Sensors\ZigBee\Debug\SlottedCSMACA.obj
F:\CUSTOM CODES\Temperature_Sensors_in_NetSim\Simulation_Temperature_Sensors\ZigBee\Debug\Superframe.obj
F:\CUSTOM CODES\Temperature_Sensors_in_NetSim\Simulation_Temperature_Sensors\ZigBee\Debug\Temperature_Sensor.obj
F:\CUSTOM CODES\Temperature_Sensors_in_NetSim\Simulation_Temperature_Sensors\ZigBee\Debug\UnslottedCSMACA.obj
F:\CUSTOM CODES\Temperature_Sensors_in_NetSim\Simulation_Temperature_Sensors\ZigBee\Debug\vc100.idb
F:\CUSTOM CODES\Temperature_Sensors_in_NetSim\Simulation_Temperature_Sensors\ZigBee\Debug\vc100.pdb
F:\CUSTOM CODES\Temperature_Sensors_in_NetSim\Simulation_Temperature_Sensors\ZigBee\Debug\ZigBee.dll.intermediate.manifest
F:\CUSTOM CODES\Temperature_Sensors_in_NetSim\Simulation_Temperature_Sensors\ZigBee\Debug\ZigBee.vcxprojResolveAssemblyReference.cache
F:\CUSTOM CODES\Temperature_Sensors_in_NetSim\Simulation_Temperature_Sensors\ZigBee\Debug\ZigBee.write.1.tlog
